<?xml version="1.0" encoding="UTF-8"?>
<!-- Generated by org.testng.reporters.JUnitReportReporter -->
<testsuite skipped="0" hostname="Ankush-PC" name="FirstDay.CrossBrowser" tests="1" failures="0" timestamp="11 Dec 2017 04:16:30 GMT" time="3.145" errors="0">
  <testcase name="SelectBrowser" time="3.145" classname="FirstDay.CrossBrowser"/>
</testsuite> <!-- FirstDay.CrossBrowser -->
